<?xml version="1.0" encoding="UTF-8"?>
<testng-results ignored="0" total="1" passed="1" failed="0" skipped="0">
  <reporter-output>
  </reporter-output>
  <suite started-at="2020-12-11T02:11:00Z" name="Default suite" finished-at="2020-12-11T02:11:02Z" duration-ms="2330">
    <groups>
    </groups>
    <test started-at="2020-12-11T02:11:00Z" name="Default test" finished-at="2020-12-11T02:11:02Z" duration-ms="2330">
      <class name="com.api.test.Exercise2Test">
        <test-method is-config="true" signature="before()[pri:0, instance:com.api.test.Exercise2Test@44c73c26]" started-at="2020-12-11T02:10:57Z" name="before" finished-at="2020-12-11T02:11:00Z" duration-ms="2256" status="PASS">
          <reporter-output>
          </reporter-output>
        </test-method> <!-- before -->
        <test-method signature="ToVerifyBinaryFile()[pri:1, instance:com.api.test.Exercise2Test@44c73c26]" started-at="2020-12-11T02:11:00Z" name="ToVerifyBinaryFile" finished-at="2020-12-11T02:11:01Z" duration-ms="1195" status="PASS">
          <reporter-output>
          </reporter-output>
        </test-method> <!-- ToVerifyBinaryFile -->
        <test-method is-config="true" signature="afterMainMethod(org.testng.ITestResult)[pri:0, instance:com.api.test.Exercise2Test@44c73c26]" started-at="2020-12-11T02:11:01Z" name="afterMainMethod" finished-at="2020-12-11T02:11:02Z" duration-ms="1033" status="PASS">
          <params>
            <param index="0">
              <value>
                <![CDATA[[TestResult name=ToVerifyBinaryFile status=SUCCESS method=Exercise2Test.ToVerifyBinaryFile()[pri:1, instance:com.api.test.Exercise2Test@44c73c26] output={null}]]]>
              </value>
            </param>
          </params>
          <reporter-output>
          </reporter-output>
        </test-method> <!-- afterMainMethod -->
        <test-method is-config="true" signature="tearDownSuite()[pri:0, instance:com.api.test.Exercise2Test@44c73c26]" started-at="2020-12-11T02:11:02Z" name="tearDownSuite" finished-at="2020-12-11T02:11:02Z" duration-ms="281" status="PASS">
          <reporter-output>
          </reporter-output>
        </test-method> <!-- tearDownSuite -->
      </class> <!-- com.api.test.Exercise2Test -->
    </test> <!-- Default test -->
  </suite> <!-- Default suite -->
</testng-results>
